#
# There is insufficient memory for the Java Runtime Environment to continue.
# Native memory allocation (malloc) failed to allocate 32744 bytes for ChunkPool::allocate
# Possible reasons:
#   The system is out of physical RAM or swap space
#   In 32 bit mode, the process size limit was hit
# Possible solutions:
#   Reduce memory load on the system
#   Increase physical memory or swap space
#   Check if swap backing store is full
#   Use 64 bit Java on a 64 bit OS
#   Decrease Java heap size (-Xmx/-Xms)
#   Decrease number of Java threads
#   Decrease Java thread stack sizes (-Xss)
#   Set larger code cache with -XX:ReservedCodeCacheSize=
# This output file may be truncated or incomplete.
#
#  Out of Memory Error (allocation.cpp:273), pid=5048, tid=7592
#
# JRE version: Java(TM) SE Runtime Environment (8.0_60-b27) (build 1.8.0_60-b27)
# Java VM: Java HotSpot(TM) 64-Bit Server VM (25.60-b23 mixed mode windows-amd64 compressed oops)
# Failed to write core dump. Minidumps are not enabled by default on client versions of Windows
#

---------------  T H R E A D  ---------------

Current thread (0x000000001632c800):  JavaThread "C2 CompilerThread0" daemon [_thread_in_native, id=7592, stack(0x0000000017830000,0x0000000017930000)]

Stack: [0x0000000017830000,0x0000000017930000]
[error occurred during error reporting (printing stack bounds), id 0xc0000005]

Native frames: (J=compiled Java code, j=interpreted, Vv=VM code, C=native code)


Current CompileTask:
C2:1765278 13281   !   4       com.sun.proxy.$Proxy1::onOutput (34 bytes)


---------------  P R O C E S S  ---------------

Java Threads: ( => current thread )
  0x000000001793b800 JavaThread "pool-12-thread-1" [_thread_blocked, id=8964, stack(0x0000000020640000,0x0000000020740000)]
  0x000000001b7e5800 JavaThread "pool-8-thread-1" [_thread_blocked, id=7844, stack(0x000000001ec20000,0x000000001ed20000)]
  0x000000001b7e0000 JavaThread "Daemon worker Thread 2" [_thread_blocked, id=1476, stack(0x000000001a3d0000,0x000000001a4d0000)]
  0x000000001b7df800 JavaThread "Daemon Thread 2" [_thread_blocked, id=10224, stack(0x000000001a0d0000,0x000000001a1d0000)]
  0x0000000017940000 JavaThread "pool-2-thread-1" [_thread_blocked, id=4692, stack(0x000000001eb20000,0x000000001ec20000)]
  0x0000000017941000 JavaThread "File lock request listener" [_thread_in_native, id=6920, stack(0x000000001acd0000,0x000000001add0000)]
  0x00000000181fc000 JavaThread "Incoming local TCP Connector on port 52503" [_thread_in_native, id=4316, stack(0x0000000019c40000,0x0000000019d40000)]
  0x00000000179c2800 JavaThread "Service Thread" daemon [_thread_blocked, id=7824, stack(0x0000000017f30000,0x0000000018030000)]
  0x000000001793a000 JavaThread "C1 CompilerThread2" daemon [_thread_blocked, id=6148, stack(0x0000000017e30000,0x0000000017f30000)]
  0x0000000017933800 JavaThread "C2 CompilerThread1" daemon [_thread_in_native, id=4700, stack(0x0000000017d30000,0x0000000017e30000)]
=>0x000000001632c800 JavaThread "C2 CompilerThread0" daemon [_thread_in_native, id=7592, stack(0x0000000017830000,0x0000000017930000)]
  0x00000000162df000 JavaThread "Attach Listener" daemon [_thread_blocked, id=9096, stack(0x0000000017730000,0x0000000017830000)]
  0x00000000162de000 JavaThread "Signal Dispatcher" daemon [_thread_blocked, id=6608, stack(0x0000000017630000,0x0000000017730000)]
  0x0000000002956000 JavaThread "Finalizer" daemon [_thread_blocked, id=5916, stack(0x0000000017530000,0x0000000017630000)]
  0x000000000294d000 JavaThread "Reference Handler" daemon [_thread_blocked, id=2960, stack(0x0000000017430000,0x0000000017530000)]
  0x000000000246d800 JavaThread "main" [_thread_in_Java, id=8224, stack(0x0000000002470000,0x0000000002570000)]

Other Threads:
  0x0000000016298000 VMThread [stack: 0x0000000017330000,0x0000000017430000] [id=6744]
  0x0000000017a08800 WatcherThread [stack: 0x0000000018030000,0x0000000018130000] [id=6772]

VM state:not at safepoint (normal execution)

VM Mutex/Monitor currently owned by a thread: None

Heap:
 PSYoungGen      total 496128K, used 149329K [0x00000000e0000000, 0x0000000100000000, 0x0000000100000000)
  eden space 467968K, 31% used [0x00000000e0000000,0x00000000e91d4548,0x00000000fc900000)
  from space 28160K, 0% used [0x00000000fe480000,0x00000000fe480000,0x0000000100000000)
  to   space 28160K, 0% used [0x00000000fc900000,0x00000000fc900000,0x00000000fe480000)
 ParOldGen       total 114688K, used 46235K [0x00000000a0000000, 0x00000000a7000000, 0x00000000e0000000)
  object space 114688K, 40% used [0x00000000a0000000,0x00000000a2d26d48,0x00000000a7000000)
 Metaspace       used 79563K, capacity 82244K, committed 82560K, reserved 1120256K
  class space    used 10659K, capacity 11292K, committed 11392K, reserved 1048576K

Card table byte_map: [0x0000000011d20000,0x0000000012030000] byte_map_base: 0x0000000011820000

Marking Bits: (ParMarkBitMap*) 0x0000000073e0a5b0
 Begin Bits: [0x0000000012630000, 0x0000000013e30000)
 End Bits:   [0x0000000013e30000, 0x0000000015630000)

Polling page: 0x0000000000b20000

CodeCache: size=245760Kb used=37713Kb max_used=37726Kb free=208046Kb
 bounds [0x0000000002960000, 0x0000000004e70000, 0x0000000011960000]
 total_blobs=11760 nmethods=10997 adapters=673
 compilation: enabled

Compilation events (10 events):
Event: 1764.984 Thread 0x000000001793a000 13276       3       java.io.PrintWriter::print (13 bytes)
Event: 1764.984 Thread 0x000000001793a000 nmethod 13276 0x0000000004e491d0 code [0x0000000004e49340, 0x0000000004e49768]
Event: 1764.984 Thread 0x000000001793a000 13277       3       java.io.PrintWriter::write (11 bytes)
Event: 1764.984 Thread 0x000000001632c800 13278       4       java.lang.String::valueOf (14 bytes)
Event: 1764.985 Thread 0x000000001793a000 nmethod 13277 0x0000000004e48c10 code [0x0000000004e48d80, 0x0000000004e49088]
Event: 1764.985 Thread 0x0000000017933800 13279       4       org.gradle.internal.dispatch.ProxyDispatchAdapter$DispatchingInvocationHandler::invoke (185 bytes)
Event: 1764.985 Thread 0x000000001632c800 nmethod 13278 0x00000000037d4110 code [0x00000000037d4240, 0x00000000037d42b8]
Event: 1764.985 Thread 0x000000001632c800 13280       4       sun.nio.cs.ext.DoubleByte$Encoder::encodeLoop (28 bytes)
Event: 1764.987 Thread 0x000000001632c800 nmethod 13280 0x0000000004e43b50 code [0x0000000004e43ca0, 0x0000000004e43dc8]
Event: 1764.987 Thread 0x000000001632c800 13281   !   4       com.sun.proxy.$Proxy1::onOutput (34 bytes)

GC Heap History (10 events):
Event: 1745.488 GC heap before
{Heap before GC invocations=17 (full 3):
 PSYoungGen      total 252416K, used 252390K [0x00000000e0000000, 0x00000000f8700000, 0x0000000100000000)
  eden space 230400K, 100% used [0x00000000e0000000,0x00000000ee100000,0x00000000ee100000)
  from space 22016K, 99% used [0x00000000ee100000,0x00000000ef679b48,0x00000000ef680000)
  to   space 29696K, 0% used [0x00000000f6a00000,0x00000000f6a00000,0x00000000f8700000)
 ParOldGen       total 68608K, used 45978K [0x00000000a0000000, 0x00000000a4300000, 0x00000000e0000000)
  object space 68608K, 67% used [0x00000000a0000000,0x00000000a2ce6998,0x00000000a4300000)
 Metaspace       used 69514K, capacity 71932K, committed 72064K, reserved 1112064K
  class space    used 9491K, capacity 10032K, committed 10112K, reserved 1048576K
Event: 1745.516 GC heap after
Heap after GC invocations=17 (full 3):
 PSYoungGen      total 358400K, used 3777K [0x00000000e0000000, 0x00000000f8100000, 0x0000000100000000)
  eden space 334848K, 0% used [0x00000000e0000000,0x00000000e0000000,0x00000000f4700000)
  from space 23552K, 16% used [0x00000000f6a00000,0x00000000f6db04b0,0x00000000f8100000)
  to   space 29696K, 0% used [0x00000000f4700000,0x00000000f4700000,0x00000000f6400000)
 ParOldGen       total 68608K, used 58528K [0x00000000a0000000, 0x00000000a4300000, 0x00000000e0000000)
  object space 68608K, 85% used [0x00000000a0000000,0x00000000a3928218,0x00000000a4300000)
 Metaspace       used 69514K, capacity 71932K, committed 72064K, reserved 1112064K
  class space    used 9491K, capacity 10032K, committed 10112K, reserved 1048576K
}
Event: 1745.516 GC heap before
{Heap before GC invocations=18 (full 4):
 PSYoungGen      total 358400K, used 3777K [0x00000000e0000000, 0x00000000f8100000, 0x0000000100000000)
  eden space 334848K, 0% used [0x00000000e0000000,0x00000000e0000000,0x00000000f4700000)
  from space 23552K, 16% used [0x00000000f6a00000,0x00000000f6db04b0,0x00000000f8100000)
  to   space 29696K, 0% used [0x00000000f4700000,0x00000000f4700000,0x00000000f6400000)
 ParOldGen       total 68608K, used 58528K [0x00000000a0000000, 0x00000000a4300000, 0x00000000e0000000)
  object space 68608K, 85% used [0x00000000a0000000,0x00000000a3928218,0x00000000a4300000)
 Metaspace       used 69514K, capacity 71932K, committed 72064K, reserved 1112064K
  class space    used 9491K, capacity 10032K, committed 10112K, reserved 1048576K
Event: 1745.847 GC heap after
Heap after GC invocations=18 (full 4):
 PSYoungGen      total 358400K, used 0K [0x00000000e0000000, 0x00000000f8100000, 0x0000000100000000)
  eden space 334848K, 0% used [0x00000000e0000000,0x00000000e0000000,0x00000000f4700000)
  from space 23552K, 0% used [0x00000000f6a00000,0x00000000f6a00000,0x00000000f8100000)
  to   space 29696K, 0% used [0x00000000f4700000,0x00000000f4700000,0x00000000f6400000)
 ParOldGen       total 114688K, used 43157K [0x00000000a0000000, 0x00000000a7000000, 0x00000000e0000000)
  object space 114688K, 37% used [0x00000000a0000000,0x00000000a2a255d0,0x00000000a7000000)
 Metaspace       used 69131K, capacity 71260K, committed 72064K, reserved 1112064K
  class space    used 9414K, capacity 9900K, committed 10112K, reserved 1048576K
}
Event: 1749.546 GC heap before
{Heap before GC invocations=19 (full 4):
 PSYoungGen      total 358400K, used 333987K [0x00000000e0000000, 0x00000000f8100000, 0x0000000100000000)
  eden space 334848K, 99% used [0x00000000e0000000,0x00000000f4628d18,0x00000000f4700000)
  from space 23552K, 0% used [0x00000000f6a00000,0x00000000f6a00000,0x00000000f8100000)
  to   space 29696K, 0% used [0x00000000f4700000,0x00000000f4700000,0x00000000f6400000)
 ParOldGen       total 114688K, used 43157K [0x00000000a0000000, 0x00000000a7000000, 0x00000000e0000000)
  object space 114688K, 37% used [0x00000000a0000000,0x00000000a2a255d0,0x00000000a7000000)
 Metaspace       used 77462K, capacity 79952K, committed 80512K, reserved 1118208K
  class space    used 10428K, capacity 11002K, committed 11136K, reserved 1048576K
Event: 1749.563 GC heap after
Heap after GC invocations=19 (full 4):
 PSYoungGen      total 364544K, used 11784K [0x00000000e0000000, 0x0000000100000000, 0x0000000100000000)
  eden space 334848K, 0% used [0x00000000e0000000,0x00000000e0000000,0x00000000f4700000)
  from space 29696K, 39% used [0x00000000f4700000,0x00000000f5282268,0x00000000f6400000)
  to   space 28160K, 0% used [0x00000000fe480000,0x00000000fe480000,0x0000000100000000)
 ParOldGen       total 114688K, used 43165K [0x00000000a0000000, 0x00000000a7000000, 0x00000000e0000000)
  object space 114688K, 37% used [0x00000000a0000000,0x00000000a2a275d0,0x00000000a7000000)
 Metaspace       used 77462K, capacity 79952K, committed 80512K, reserved 1118208K
  class space    used 10428K, capacity 11002K, committed 11136K, reserved 1048576K
}
Event: 1749.926 GC heap before
{Heap before GC invocations=20 (full 4):
 PSYoungGen      total 364544K, used 284377K [0x00000000e0000000, 0x0000000100000000, 0x0000000100000000)
  eden space 334848K, 81% used [0x00000000e0000000,0x00000000f0a344e8,0x00000000f4700000)
  from space 29696K, 39% used [0x00000000f4700000,0x00000000f5282268,0x00000000f6400000)
  to   space 28160K, 0% used [0x00000000fe480000,0x00000000fe480000,0x0000000100000000)
 ParOldGen       total 114688K, used 43165K [0x00000000a0000000, 0x00000000a7000000, 0x00000000e0000000)
  object space 114688K, 37% used [0x00000000a0000000,0x00000000a2a275d0,0x00000000a7000000)
 Metaspace       used 78981K, capacity 81474K, committed 81920K, reserved 1120256K
  class space    used 10595K, capacity 11177K, committed 11264K, reserved 1048576K
Event: 1749.950 GC heap after
Heap after GC invocations=20 (full 4):
 PSYoungGen      total 496128K, used 1436K [0x00000000e0000000, 0x0000000100000000, 0x0000000100000000)
  eden space 467968K, 0% used [0x00000000e0000000,0x00000000e0000000,0x00000000fc900000)
  from space 28160K, 5% used [0x00000000fe480000,0x00000000fe5e7358,0x0000000100000000)
  to   space 28160K, 0% used [0x00000000fc900000,0x00000000fc900000,0x00000000fe480000)
 ParOldGen       total 114688K, used 51906K [0x00000000a0000000, 0x00000000a7000000, 0x00000000e0000000)
  object space 114688K, 45% used [0x00000000a0000000,0x00000000a32b0bb8,0x00000000a7000000)
 Metaspace       used 78981K, capacity 81474K, committed 81920K, reserved 1120256K
  class space    used 10595K, capacity 11177K, committed 11264K, reserved 1048576K
}
Event: 1749.950 GC heap before
{Heap before GC invocations=21 (full 5):
 PSYoungGen      total 496128K, used 1436K [0x00000000e0000000, 0x0000000100000000, 0x0000000100000000)
  eden space 467968K, 0% used [0x00000000e0000000,0x00000000e0000000,0x00000000fc900000)
  from space 28160K, 5% used [0x00000000fe480000,0x00000000fe5e7358,0x0000000100000000)
  to   space 28160K, 0% used [0x00000000fc900000,0x00000000fc900000,0x00000000fe480000)
 ParOldGen       total 114688K, used 51906K [0x00000000a0000000, 0x00000000a7000000, 0x00000000e0000000)
  object space 114688K, 45% used [0x00000000a0000000,0x00000000a32b0bb8,0x00000000a7000000)
 Metaspace       used 78981K, capacity 81474K, committed 81920K, reserved 1120256K
  class space    used 10595K, capacity 11177K, committed 11264K, reserved 1048576K
Event: 1750.412 GC heap after
Heap after GC invocations=21 (full 5):
 PSYoungGen      total 496128K, used 0K [0x00000000e0000000, 0x0000000100000000, 0x0000000100000000)
  eden space 467968K, 0% used [0x00000000e0000000,0x00000000e0000000,0x00000000fc900000)
  from space 28160K, 0% used [0x00000000fe480000,0x00000000fe480000,0x0000000100000000)
  to   space 28160K, 0% used [0x00000000fc900000,0x00000000fc900000,0x00000000fe480000)
 ParOldGen       total 114688K, used 46235K [0x00000000a0000000, 0x00000000a7000000, 0x00000000e0000000)
  object space 114688K, 40% used [0x00000000a0000000,0x00000000a2d26d48,0x00000000a7000000)
 Metaspace       used 78977K, capacity 81462K, committed 81920K, reserved 1120256K
  class space    used 10594K, capacity 11175K, committed 11264K, reserved 1048576K
}

Deoptimization events (10 events):
Event: 1754.898 Thread 0x000000001b7e0000 Uncommon trap: reason=bimorphic action=maybe_recompile pc=0x0000000004d2f5ec method=org.codehaus.groovy.runtime.metaclass.MetaMethodIndex.addMethodToList(Ljava/lang/Object;Lgroovy/lang/MetaMethod;)Ljava/lang/Object; @ 238
Event: 1754.899 Thread 0x000000001b7e0000 Uncommon trap: reason=bimorphic action=maybe_recompile pc=0x0000000004d2f5ec method=org.codehaus.groovy.runtime.metaclass.MetaMethodIndex.addMethodToList(Ljava/lang/Object;Lgroovy/lang/MetaMethod;)Ljava/lang/Object; @ 238
Event: 1764.969 Thread 0x000000001b7e1000 Uncommon trap: reason=unstable_if action=reinterpret pc=0x00000000032bad18 method=com.google.common.base.Objects.equal(Ljava/lang/Object;Ljava/lang/Object;)Z @ 14
Event: 1764.970 Thread 0x000000001b7e1000 Uncommon trap: reason=class_check action=maybe_recompile pc=0x00000000030a18c0 method=java.lang.Throwable.<init>(Ljava/lang/String;Ljava/lang/Throwable;)V @ 24
Event: 1764.971 Thread 0x000000001b7e3000 Uncommon trap: reason=class_check action=maybe_recompile pc=0x00000000030a18c0 method=java.lang.Throwable.<init>(Ljava/lang/String;Ljava/lang/Throwable;)V @ 24
Event: 1764.971 Thread 0x000000000246d800 Uncommon trap: reason=unstable_if action=reinterpret pc=0x000000000486edcc method=java.lang.ref.SoftReference.get()Ljava/lang/Object; @ 6
Event: 1764.971 Thread 0x0000000018d29800 Uncommon trap: reason=unstable_if action=reinterpret pc=0x000000000471d160 method=java.util.concurrent.locks.AbstractQueuedSynchronizer$ConditionObject.awaitNanos(J)J @ 89
Event: 1764.971 Thread 0x000000000246d800 Uncommon trap: reason=unstable_if action=reinterpret pc=0x0000000002ae030c method=java.lang.ref.SoftReference.get()Ljava/lang/Object; @ 6
Event: 1764.983 Thread 0x000000001b7df800 Uncommon trap: reason=class_check action=maybe_recompile pc=0x00000000030a18c0 method=java.lang.Throwable.<init>(Ljava/lang/String;Ljava/lang/Throwable;)V @ 24
Event: 1764.986 Thread 0x000000001b7df800 Uncommon trap: reason=class_check action=maybe_recompile pc=0x00000000030a18c0 method=java.lang.Throwable.<init>(Ljava/lang/String;Ljava/lang/Throwable;)V @ 24

Internal exceptions (10 events):
Event: 1764.971 Thread 0x000000000246d800 Implicit null exception at 0x0000000002adf9ab to 0x0000000002ae02cd
Event: 1764.977 Thread 0x000000001b7df800 Exception <a 'java/lang/NoSuchMethodError': <clinit>> (0x00000000e014f660) thrown at [C:\re\workspace\8-2-build-windows-amd64-cygwin\jdk8u60\4407\hotspot\src\share\vm\prims\jni.cpp, line 1591]
Event: 1764.978 Thread 0x000000001b7df800 Exception <a 'java/lang/NoSuchMethodError': <clinit>> (0x00000000e0150e08) thrown at [C:\re\workspace\8-2-build-windows-amd64-cygwin\jdk8u60\4407\hotspot\src\share\vm\prims\jni.cpp, line 1591]
Event: 1764.981 Thread 0x000000001b7df800 Exception <a 'java/lang/NoSuchMethodError': <clinit>> (0x00000000e90f0328) thrown at [C:\re\workspace\8-2-build-windows-amd64-cygwin\jdk8u60\4407\hotspot\src\share\vm\prims\jni.cpp, line 1591]
Event: 1764.982 Thread 0x000000001b7df800 Exception <a 'java/lang/NoSuchMethodError': <clinit>> (0x00000000e90f8810) thrown at [C:\re\workspace\8-2-build-windows-amd64-cygwin\jdk8u60\4407\hotspot\src\share\vm\prims\jni.cpp, line 1591]
Event: 1764.982 Thread 0x000000001b7df800 Exception <a 'java/io/IOException'> (0x00000000e90fb898) thrown at [C:\re\workspace\8-2-build-windows-amd64-cygwin\jdk8u60\4407\hotspot\src\share\vm\prims\jni.cpp, line 709]
Event: 1764.982 Thread 0x000000001b7df800 Exception <a 'java/io/IOException'> (0x00000000e90fc318) thrown at [C:\re\workspace\8-2-build-windows-amd64-cygwin\jdk8u60\4407\hotspot\src\share\vm\prims\jni.cpp, line 709]
Event: 1764.982 Thread 0x000000001b7df800 Exception <a 'java/io/IOException'> (0x00000000e90fcd98) thrown at [C:\re\workspace\8-2-build-windows-amd64-cygwin\jdk8u60\4407\hotspot\src\share\vm\prims\jni.cpp, line 709]
Event: 1764.986 Thread 0x000000001b7df800 Exception <a 'java/io/IOException'> (0x00000000e912fc78) thrown at [C:\re\workspace\8-2-build-windows-amd64-cygwin\jdk8u60\4407\hotspot\src\share\vm\prims\jni.cpp, line 709]
Event: 1764.986 Thread 0x000000001b7df800 Exception <a 'java/io/IOException'> (0x00000000e91324f0) thrown at [C:\re\workspace\8-2-build-windows-amd64-cygwin\jdk8u60\4407\hotspot\src\share\vm\prims\jni.cpp, line 709]

Events (10 events):
Event: 1764.986 Executing VM operation: RevokeBias
Event: 1764.987 Executing VM operation: RevokeBias done
Event: 1764.987 Executing VM operation: RevokeBias
Event: 1764.987 Executing VM operation: RevokeBias done
Event: 1764.987 Executing VM operation: RevokeBias
Event: 1764.987 Executing VM operation: RevokeBias done
Event: 1764.987 Thread 0x000000001b7e1000 Thread exited: 0x000000001b7e1000
Event: 1764.988 Executing VM operation: RevokeBias
Event: 1764.988 Executing VM operation: RevokeBias done
Event: 1764.988 Thread 0x000000001b7e4000 Thread exited: 0x000000001b7e4000


Dynamic libraries:
0x00007ff7c3a00000 - 0x00007ff7c3a37000 	C:\Program Files\Java\jdk1.8.0_60\bin\java.exe
0x00007ffaddbd0000 - 0x00007ffaddd7d000 	C:\windows\SYSTEM32\ntdll.dll
0x00007ffadb260000 - 0x00007ffadb39e000 	C:\windows\system32\KERNEL32.DLL
0x00007ffadb000000 - 0x00007ffadb115000 	C:\windows\system32\KERNELBASE.dll
0x00007ffad9890000 - 0x00007ffad991e000 	C:\windows\system32\apphelp.dll
0x00007ffac8200000 - 0x00007ffac8253000 	C:\windows\AppPatch\AppPatch64\AcGenral.DLL
0x00007ffadd780000 - 0x00007ffadd82a000 	C:\windows\system32\msvcrt.dll
0x00007ffadb180000 - 0x00007ffadb1ae000 	C:\windows\system32\SspiCli.dll
0x00007ffaddab0000 - 0x00007ffaddb04000 	C:\windows\system32\SHLWAPI.dll
0x00007ffadd120000 - 0x00007ffadd297000 	C:\windows\system32\USER32.dll
0x00007ffadd5a0000 - 0x00007ffadd734000 	C:\windows\system32\ole32.dll
0x00007ffadbbf0000 - 0x00007ffadd11a000 	C:\windows\system32\SHELL32.dll
0x00007ffada330000 - 0x00007ffada351000 	C:\windows\SYSTEM32\USERENV.dll
0x00007ffadb700000 - 0x00007ffadb7aa000 	C:\windows\system32\ADVAPI32.dll
0x00007fface480000 - 0x00007fface49e000 	C:\windows\SYSTEM32\MPR.dll
0x00007ffadd460000 - 0x00007ffadd5a0000 	C:\windows\system32\RPCRT4.dll
0x00007ffadd2a0000 - 0x00007ffadd2f9000 	C:\windows\SYSTEM32\sechost.dll
0x00007ffadb4e0000 - 0x00007ffadb6f1000 	C:\windows\SYSTEM32\combase.dll
0x00007ffadd310000 - 0x00007ffadd460000 	C:\windows\system32\GDI32.dll
0x00007ffadad00000 - 0x00007ffadad15000 	C:\windows\SYSTEM32\profapi.dll
0x00007ffad8e80000 - 0x00007ffad8f32000 	C:\windows\SYSTEM32\SHCORE.dll
0x00007ffadd740000 - 0x00007ffadd776000 	C:\windows\system32\IMM32.DLL
0x00007ffadb9d0000 - 0x00007ffadbb22000 	C:\windows\system32\MSCTF.dll
0x00007ffad8830000 - 0x00007ffad8aab000 	C:\windows\WinSxS\amd64_microsoft.windows.common-controls_6595b64144ccf1df_6.0.9600.18006_none_623f33d3ecbe86e8\COMCTL32.dll
0x0000000074f60000 - 0x0000000075032000 	C:\Program Files\Java\jdk1.8.0_60\jre\bin\msvcr100.dll
0x0000000073600000 - 0x0000000073e89000 	C:\Program Files\Java\jdk1.8.0_60\jre\bin\server\jvm.dll
0x00007ffad86e0000 - 0x00007ffad86e9000 	C:\windows\SYSTEM32\WSOCK32.dll
0x00007fface280000 - 0x00007fface2a2000 	C:\windows\SYSTEM32\WINMM.dll
0x00007ffad8750000 - 0x00007ffad875a000 	C:\windows\SYSTEM32\VERSION.dll
0x00007ffadb7d0000 - 0x00007ffadb7d7000 	C:\windows\system32\PSAPI.DLL
0x00007ffadd840000 - 0x00007ffadd89a000 	C:\windows\system32\WS2_32.dll
0x00007fface250000 - 0x00007fface27a000 	C:\windows\SYSTEM32\WINMMBASE.dll
0x00007ffadd830000 - 0x00007ffadd839000 	C:\windows\system32\NSI.dll
0x00007ffadafb0000 - 0x00007ffadafff000 	C:\windows\SYSTEM32\cfgmgr32.dll
0x00007ffad9b00000 - 0x00007ffad9b28000 	C:\windows\SYSTEM32\DEVOBJ.dll
0x0000000074f50000 - 0x0000000074f5f000 	C:\Program Files\Java\jdk1.8.0_60\jre\bin\verify.dll
0x0000000074f20000 - 0x0000000074f49000 	C:\Program Files\Java\jdk1.8.0_60\jre\bin\java.dll
0x0000000074f00000 - 0x0000000074f16000 	C:\Program Files\Java\jdk1.8.0_60\jre\bin\zip.dll
0x0000000074ee0000 - 0x0000000074efa000 	C:\Program Files\Java\jdk1.8.0_60\jre\bin\net.dll
0x00007ffada5f0000 - 0x00007ffada649000 	C:\windows\system32\mswsock.dll
0x0000000074ec0000 - 0x0000000074ed1000 	C:\Program Files\Java\jdk1.8.0_60\jre\bin\nio.dll
0x00007ffad14b0000 - 0x00007ffad14c2000 	C:\Users\ню╠К\.gradle\native\19\windows-amd64\native-platform.dll
0x00007ffada650000 - 0x00007ffada670000 	C:\windows\SYSTEM32\CRYPTSP.dll
0x00007ffada220000 - 0x00007ffada256000 	C:\windows\system32\rsaenh.dll
0x00007ffada950000 - 0x00007ffada976000 	C:\windows\SYSTEM32\bcrypt.dll
0x00007ffadabd0000 - 0x00007ffadac33000 	C:\windows\system32\bcryptprimitives.dll
0x00007ffadac40000 - 0x00007ffadac4b000 	C:\windows\SYSTEM32\CRYPTBASE.dll
0x00007ffad62c0000 - 0x00007ffad62ea000 	C:\windows\SYSTEM32\IPHLPAPI.DLL
0x00007ffad62b0000 - 0x00007ffad62ba000 	C:\windows\SYSTEM32\WINNSI.DLL
0x00007ffad48f0000 - 0x00007ffad4906000 	C:\windows\SYSTEM32\dhcpcsvc6.DLL
0x00007ffad4910000 - 0x00007ffad492a000 	C:\windows\SYSTEM32\dhcpcsvc.DLL
0x0000000074eb0000 - 0x0000000074ebd000 	C:\Program Files\Java\jdk1.8.0_60\jre\bin\management.dll
0x00007ffacfa70000 - 0x00007ffacfa85000 	C:\windows\system32\napinsp.dll
0x00007ffacfa90000 - 0x00007ffacfaaa000 	C:\windows\system32\pnrpnsp.dll
0x00007ffad8e20000 - 0x00007ffad8e3b000 	C:\windows\system32\NLAapi.dll
0x00007ffada3f0000 - 0x00007ffada494000 	C:\windows\SYSTEM32\DNSAPI.dll
0x00007ffacfab0000 - 0x00007ffacfabd000 	C:\windows\System32\winrnr.dll
0x00007ffacfac0000 - 0x00007ffacfad4000 	C:\windows\system32\wshbth.dll
0x00007ffad1bb0000 - 0x00007ffad1bba000 	C:\Windows\System32\rasadhlp.dll
0x00007ffad4690000 - 0x00007ffad46fb000 	C:\windows\System32\fwpuclnt.dll
0x00007ffad8e40000 - 0x00007ffad8e72000 	C:\windows\SYSTEM32\ntmarta.dll

VM Arguments:
jvm_args: -Xmx1536m -Dfile.encoding=GBK -Duser.country=CN -Duser.language=zh -Duser.variant 
java_command: org.gradle.launcher.daemon.bootstrap.GradleDaemon 2.14.1
java_class_path (initial): C:\Users\ню╠К\.gradle\wrapper\dists\gradle-2.14.1-all\8bnwg5hd3w55iofp58khbp6yv\gradle-2.14.1\lib\gradle-launcher-2.14.1.jar
Launcher Type: SUN_STANDARD

Environment Variables:
JAVA_HOME=C:/Program Files/Java/jdk1.8.0_60
CLASSPATH=.;C:\Program Files\Java\jdk1.8.0_60\lib;C:\Program Files\Java\jdk1.8.0_60\lib\tools.jar
PATH=C:\ProgramData\Oracle\Java\javapath;C:\Program Files (x86)\Intel\iCLS Client\;C:\Program Files\Intel\iCLS Client\;C:\windows\system32;C:\windows;C:\windows\System32\Wbem;C:\windows\System32\WindowsPowerShell\v1.0\;C:\Program Files\Intel\Intel(R) Management Engine Components\DAL;C:\Program Files (x86)\Intel\Intel(R) Management Engine Components\DAL;C:\Program Files\Intel\Intel(R) Management Engine Components\IPT;C:\Program Files (x86)\Intel\Intel(R) Management Engine Components\IPT;C:\Program Files (x86)\ATI Technologies\ATI.ACE\Core-Static;C:\ProgramData\Lenovo\ReadyApps;D:\tools\android\studio\sdk\platform-tools;C:\Program Files\nodejs\;C:\Program Files\Java\jdk1.8.0_60\bin;C:\Program Files\Java\jdk1.8.0_60\jre\bin;C:\ProgramData\chocolatey\bin;C:\tools\python2;C:\Program Files\nodejs\node_globa;D:\tools\android\studio\sdk\tools;D:\tools\android\studio\sdk\platform-tools
USERNAME=Bill
OS=Windows_NT
PROCESSOR_IDENTIFIER=Intel64 Family 6 Model 69 Stepping 1, GenuineIntel



---------------  S Y S T E M  ---------------

OS: Windows 8.1 , 64 bit Build 9600 (6.3.9600.17415)

CPU:total 4 (2 cores per cpu, 2 threads per core) family 6 model 69 stepping 1, cmov, cx8, fxsr, mmx, sse, sse2, sse3, ssse3, sse4.1, sse4.2, popcnt, avx, avx2, aes, clmul, erms, lzcnt, ht, tsc, tscinvbit, bmi1, bmi2

Memory: 4k page, physical 8310040k(1762080k free), swap 8310040k(5156k free)

vm_info: Java HotSpot(TM) 64-Bit Server VM (25.60-b23) for windows-amd64 JRE (1.8.0_60-b27), built on Aug  4 2015 11:06:27 by "java_re" with MS VC++ 10.0 (VS2010)

time: Fri Dec 16 10:10:40 2016
elapsed time: 1765 seconds (0d 0h 29m 25s)

