#
# There is insufficient memory for the Java Runtime Environment to continue.
# Native memory allocation (malloc) failed to allocate 32784 bytes for Chunk::new
# Possible reasons:
#   The system is out of physical RAM or swap space
#   In 32 bit mode, the process size limit was hit
# Possible solutions:
#   Reduce memory load on the system
#   Increase physical memory or swap space
#   Check if swap backing store is full
#   Use 64 bit Java on a 64 bit OS
#   Decrease Java heap size (-Xmx/-Xms)
#   Decrease number of Java threads
#   Decrease Java thread stack sizes (-Xss)
#   Set larger code cache with -XX:ReservedCodeCacheSize=
# This output file may be truncated or incomplete.
#
#  Out of Memory Error (allocation.cpp:390), pid=3164, tid=9416
#
# JRE version: Java(TM) SE Runtime Environment (8.0_60-b27) (build 1.8.0_60-b27)
# Java VM: Java HotSpot(TM) 64-Bit Server VM (25.60-b23 mixed mode windows-amd64 compressed oops)
# Failed to write core dump. Minidumps are not enabled by default on client versions of Windows
#

---------------  T H R E A D  ---------------

Current thread (0x000000001a095000):  JavaThread "C1 CompilerThread2" daemon [_thread_in_native, id=9416, stack(0x000000001bc20000,0x000000001bd20000)]

Stack: [0x000000001bc20000,0x000000001bd20000]
[error occurred during error reporting (printing stack bounds), id 0xc0000005]

Native frames: (J=compiled Java code, j=interpreted, Vv=VM code, C=native code)


Current CompileTask:
C1: 663263 6472       3       com.zeroturnaround.jrebel.android.QC::a (3263 bytes)


---------------  P R O C E S S  ---------------

Java Threads: ( => current thread )
  0x000000001f0cf800 JavaThread "forward input" [_thread_blocked, id=8536, stack(0x000000002b030000,0x000000002b130000)]
  0x000000001f0c7000 JavaThread "Connection worker" [_thread_in_native, id=7436, stack(0x0000000020110000,0x0000000020210000)]
  0x000000001f0d1800 JavaThread "pool-2-thread-19" [_thread_blocked, id=7884, stack(0x0000000027ca0000,0x0000000027da0000)]
  0x000000001f0ca800 JavaThread "pool-2-thread-18" [_thread_blocked, id=4572, stack(0x0000000027ba0000,0x0000000027ca0000)]
  0x000000001f0cd800 JavaThread "RxCachedThreadScheduler-3" daemon [_thread_blocked, id=1480, stack(0x00000000216e0000,0x00000000217e0000)]
  0x000000001f0cc000 JavaThread "pool-2-thread-17" [_thread_in_Java, id=9612, stack(0x000000002ae30000,0x000000002af30000)]
  0x000000001f0d1000 JavaThread "Request Processor (#2)" daemon [_thread_in_native, id=8516, stack(0x0000000023460000,0x0000000023560000)]
  0x000000001f0d0000 JavaThread "RxComputationThreadPool-4" daemon [_thread_blocked, id=9520, stack(0x00000000268d0000,0x00000000269d0000)]
  0x000000001f0c9000 JavaThread "Request Processor (#1)" daemon [_thread_blocked, id=8656, stack(0x0000000020310000,0x0000000020410000)]
  0x000000001f0cb800 JavaThread "WaitForProcess-java.lang.ProcessImpl@6c38225a" daemon [_thread_in_native, id=9376, stack(0x0000000020210000,0x0000000020310000)]
  0x000000001f0c6000 JavaThread "RxComputationThreadPool-3" daemon [_thread_blocked, id=6208, stack(0x0000000023160000,0x0000000023260000)]
  0x000000001f0c8800 JavaThread "pool-2-thread-5" [_thread_in_native, id=3032, stack(0x0000000022d60000,0x0000000022e60000)]
  0x000000001f0c7800 JavaThread "pool-2-thread-4" [_thread_in_native, id=9436, stack(0x0000000022c60000,0x0000000022d60000)]
  0x000000001b80a800 JavaThread "RxComputationThreadPool-2" daemon [_thread_blocked, id=9280, stack(0x0000000022f60000,0x0000000023060000)]
  0x000000001b80a000 JavaThread "RxComputationThreadPool-1" daemon [_thread_blocked, id=280, stack(0x0000000022e60000,0x0000000022f60000)]
  0x000000001b809000 JavaThread "RxCachedWorkerPoolEvictor-1" daemon [_thread_blocked, id=4972, stack(0x00000000219c0000,0x0000000021ac0000)]
  0x000000001b805800 JavaThread "pool-2-thread-3" [_thread_blocked, id=7496, stack(0x0000000022b60000,0x0000000022c60000)]
  0x000000001b808800 JavaThread "java-sdk-http-connection-reaper" daemon [_thread_blocked, id=4820, stack(0x00000000218c0000,0x00000000219c0000)]
  0x000000001dbd5000 JavaThread "pool-3-thread-2" [_thread_blocked, id=9164, stack(0x000000001ec10000,0x000000001ed10000)]
  0x000000001cb3e000 JavaThread "pool-3-thread-1" [_thread_blocked, id=8232, stack(0x000000001d820000,0x000000001d920000)]
  0x000000001c894000 JavaThread "Thread-2" [_thread_in_native, id=5496, stack(0x000000001d720000,0x000000001d820000)]
  0x000000001c848800 JavaThread "OkHttp ConnectionPool" daemon [_thread_blocked, id=8264, stack(0x000000001d420000,0x000000001d520000)]
  0x000000001c6ab000 JavaThread "Okio Watchdog" daemon [_thread_blocked, id=1608, stack(0x000000001d320000,0x000000001d420000)]
  0x000000001c4b7000 JavaThread "NanoHttpd Main Listener" daemon [_thread_in_native, id=9668, stack(0x000000001cf20000,0x000000001d020000)]
  0x000000001c742000 JavaThread "pool-2-thread-1" [_thread_in_native, id=5344, stack(0x000000001cc00000,0x000000001cd00000)]
  0x000000001b56b000 JavaThread "Monitor Ctrl-Break" daemon [_thread_in_native, id=4136, stack(0x000000001bf70000,0x000000001c070000)]
  0x000000001b4b1800 JavaThread "Service Thread" daemon [_thread_blocked, id=9760, stack(0x000000001bd20000,0x000000001be20000)]
=>0x000000001a095000 JavaThread "C1 CompilerThread2" daemon [_thread_in_native, id=9416, stack(0x000000001bc20000,0x000000001bd20000)]
  0x000000001a092800 JavaThread "C2 CompilerThread1" daemon [_thread_in_native, id=3716, stack(0x000000001bb20000,0x000000001bc20000)]
  0x000000001b462800 JavaThread "C2 CompilerThread0" daemon [_thread_in_native, id=2776, stack(0x000000001ba20000,0x000000001bb20000)]
  0x000000001a082000 JavaThread "Attach Listener" daemon [_thread_blocked, id=6236, stack(0x000000001b920000,0x000000001ba20000)]
  0x000000001a08c000 JavaThread "Signal Dispatcher" daemon [_thread_blocked, id=6256, stack(0x000000001b820000,0x000000001b920000)]
  0x0000000002ebb800 JavaThread "Finalizer" daemon [_thread_blocked, id=6004, stack(0x000000001b2d0000,0x000000001b3d0000)]
  0x0000000002eb1800 JavaThread "Reference Handler" daemon [_thread_blocked, id=10216, stack(0x000000001b1d0000,0x000000001b2d0000)]
  0x0000000002dc3800 JavaThread "main" [_thread_blocked, id=7420, stack(0x0000000002c90000,0x0000000002d90000)]

Other Threads:
  0x000000001a037000 VMThread [stack: 0x000000001b0d0000,0x000000001b1d0000] [id=1036]
  0x000000001b4ff000 WatcherThread [stack: 0x000000001be20000,0x000000001bf20000] [id=9584]

VM state:not at safepoint (normal execution)

VM Mutex/Monitor currently owned by a thread: None

Heap:
 PSYoungGen      total 199168K, used 100320K [0x0000000780000000, 0x0000000790d80000, 0x00000007c0000000)
  eden space 154624K, 47% used [0x0000000780000000,0x000000078480c938,0x0000000789700000)
  from space 44544K, 59% used [0x0000000789700000,0x000000078b0eb8f8,0x000000078c280000)
  to   space 44544K, 0% used [0x000000078e200000,0x000000078e200000,0x0000000790d80000)
 ParOldGen       total 154624K, used 64971K [0x0000000700000000, 0x0000000709700000, 0x0000000780000000)
  object space 154624K, 42% used [0x0000000700000000,0x0000000703f72d78,0x0000000709700000)
 Metaspace       used 33826K, capacity 34676K, committed 34944K, reserved 1079296K
  class space    used 4434K, capacity 4656K, committed 4736K, reserved 1048576K

Card table byte_map: [0x0000000012280000,0x0000000012890000] byte_map_base: 0x000000000ea80000

Marking Bits: (ParMarkBitMap*) 0x0000000073e0a5b0
 Begin Bits: [0x0000000013090000, 0x0000000016090000)
 End Bits:   [0x0000000016090000, 0x0000000019090000)

Polling page: 0x00000000013c0000

CodeCache: size=245760Kb used=17222Kb max_used=17243Kb free=228537Kb
 bounds [0x0000000002ec0000, 0x0000000003fc0000, 0x0000000011ec0000]
 total_blobs=5711 nmethods=5189 adapters=433
 compilation: enabled

Compilation events (10 events):
Event: 663.004 Thread 0x000000001a095000 6468       3       org.apache.http.message.AbstractHttpMessage::<init> (6 bytes)
Event: 663.004 Thread 0x000000001a095000 nmethod 6468 0x000000000313b5d0 code [0x000000000313b760, 0x000000000313bb68]
Event: 663.004 Thread 0x000000001a095000 6469       3       org.apache.http.message.AbstractHttpMessage::<init> (21 bytes)
Event: 663.005 Thread 0x000000001a095000 nmethod 6469 0x0000000003ed2010 code [0x0000000003ed21a0, 0x0000000003ed2568]
Event: 663.152 Thread 0x000000001a095000 6470       3       com.zeroturnaround.jrebel.android.QD::a (24 bytes)
Event: 663.153 Thread 0x000000001a095000 nmethod 6470 0x000000000313b110 code [0x000000000313b280, 0x000000000313b4e8]
Event: 663.156 Thread 0x000000001a095000 6471       3       com.zeroturnaround.jrebel.android.yj::b (40 bytes)
Event: 663.157 Thread 0x000000001a095000 nmethod 6471 0x00000000039dcb50 code [0x00000000039dcd40, 0x00000000039dd7f8]
Event: 663.157 Thread 0x000000001a095000 6472       3       com.zeroturnaround.jrebel.android.QC::a (3263 bytes)
Event: 663.158 Thread 0x000000001b462800 6474       4       com.zeroturnaround.jrebel.android.QV::g (65 bytes)

GC Heap History (10 events):
Event: 92.831 GC heap before
{Heap before GC invocations=11 (full 2):
 PSYoungGen      total 133120K, used 38387K [0x0000000780000000, 0x000000078da80000, 0x00000007c0000000)
  eden space 94720K, 0% used [0x0000000780000000,0x0000000780000000,0x0000000785c80000)
  from space 38400K, 99% used [0x0000000785c80000,0x00000007881fcf40,0x0000000788200000)
  to   space 50176K, 0% used [0x000000078a980000,0x000000078a980000,0x000000078da80000)
 ParOldGen       total 67584K, used 57124K [0x0000000700000000, 0x0000000704200000, 0x0000000780000000)
  object space 67584K, 84% used [0x0000000700000000,0x00000007037c9248,0x0000000704200000)
 Metaspace       used 33127K, capacity 33952K, committed 34176K, reserved 1079296K
  class space    used 4418K, capacity 4642K, committed 4736K, reserved 1048576K
Event: 93.377 GC heap after
Heap after GC invocations=11 (full 2):
 PSYoungGen      total 133120K, used 0K [0x0000000780000000, 0x000000078da80000, 0x00000007c0000000)
  eden space 94720K, 0% used [0x0000000780000000,0x0000000780000000,0x0000000785c80000)
  from space 38400K, 0% used [0x0000000785c80000,0x0000000785c80000,0x0000000788200000)
  to   space 50176K, 0% used [0x000000078a980000,0x000000078a980000,0x000000078da80000)
 ParOldGen       total 154624K, used 64939K [0x0000000700000000, 0x0000000709700000, 0x0000000780000000)
  object space 154624K, 41% used [0x0000000700000000,0x0000000703f6ad78,0x0000000709700000)
 Metaspace       used 33127K, capacity 33952K, committed 34176K, reserved 1079296K
  class space    used 4418K, capacity 4642K, committed 4736K, reserved 1048576K
}
Event: 171.690 GC heap before
{Heap before GC invocations=12 (full 2):
 PSYoungGen      total 133120K, used 94720K [0x0000000780000000, 0x000000078da80000, 0x00000007c0000000)
  eden space 94720K, 100% used [0x0000000780000000,0x0000000785c80000,0x0000000785c80000)
  from space 38400K, 0% used [0x0000000785c80000,0x0000000785c80000,0x0000000788200000)
  to   space 50176K, 0% used [0x000000078a980000,0x000000078a980000,0x000000078da80000)
 ParOldGen       total 154624K, used 64939K [0x0000000700000000, 0x0000000709700000, 0x0000000780000000)
  object space 154624K, 41% used [0x0000000700000000,0x0000000703f6ad78,0x0000000709700000)
 Metaspace       used 33425K, capacity 34232K, committed 34432K, reserved 1079296K
  class space    used 4428K, capacity 4646K, committed 4736K, reserved 1048576K
Event: 171.713 GC heap after
Heap after GC invocations=12 (full 2):
 PSYoungGen      total 171520K, used 17311K [0x0000000780000000, 0x000000078d700000, 0x00000007c0000000)
  eden space 124928K, 0% used [0x0000000780000000,0x0000000780000000,0x0000000787a00000)
  from space 46592K, 37% used [0x000000078a980000,0x000000078ba67fd0,0x000000078d700000)
  to   space 47616K, 0% used [0x0000000787a00000,0x0000000787a00000,0x000000078a880000)
 ParOldGen       total 154624K, used 64947K [0x0000000700000000, 0x0000000709700000, 0x0000000780000000)
  object space 154624K, 42% used [0x0000000700000000,0x0000000703f6cd78,0x0000000709700000)
 Metaspace       used 33425K, capacity 34232K, committed 34432K, reserved 1079296K
  class space    used 4428K, capacity 4646K, committed 4736K, reserved 1048576K
}
Event: 198.505 GC heap before
{Heap before GC invocations=13 (full 2):
 PSYoungGen      total 171520K, used 141913K [0x0000000780000000, 0x000000078d700000, 0x00000007c0000000)
  eden space 124928K, 99% used [0x0000000780000000,0x00000007879ae4c0,0x0000000787a00000)
  from space 46592K, 37% used [0x000000078a980000,0x000000078ba67fd0,0x000000078d700000)
  to   space 47616K, 0% used [0x0000000787a00000,0x0000000787a00000,0x000000078a880000)
 ParOldGen       total 154624K, used 64947K [0x0000000700000000, 0x0000000709700000, 0x0000000780000000)
  object space 154624K, 42% used [0x0000000700000000,0x0000000703f6cd78,0x0000000709700000)
 Metaspace       used 33512K, capacity 34320K, committed 34432K, reserved 1079296K
  class space    used 4431K, capacity 4650K, committed 4736K, reserved 1048576K
Event: 198.534 GC heap after
Heap after GC invocations=13 (full 2):
 PSYoungGen      total 172544K, used 23749K [0x0000000780000000, 0x000000078f700000, 0x00000007c0000000)
  eden space 124928K, 0% used [0x0000000780000000,0x0000000780000000,0x0000000787a00000)
  from space 47616K, 49% used [0x0000000787a00000,0x0000000789131520,0x000000078a880000)
  to   space 46592K, 0% used [0x000000078c980000,0x000000078c980000,0x000000078f700000)
 ParOldGen       total 154624K, used 64955K [0x0000000700000000, 0x0000000709700000, 0x0000000780000000)
  object space 154624K, 42% used [0x0000000700000000,0x0000000703f6ed78,0x0000000709700000)
 Metaspace       used 33512K, capacity 34320K, committed 34432K, reserved 1079296K
  class space    used 4431K, capacity 4650K, committed 4736K, reserved 1048576K
}
Event: 586.022 GC heap before
{Heap before GC invocations=14 (full 2):
 PSYoungGen      total 172544K, used 148677K [0x0000000780000000, 0x000000078f700000, 0x00000007c0000000)
  eden space 124928K, 100% used [0x0000000780000000,0x0000000787a00000,0x0000000787a00000)
  from space 47616K, 49% used [0x0000000787a00000,0x0000000789131520,0x000000078a880000)
  to   space 46592K, 0% used [0x000000078c980000,0x000000078c980000,0x000000078f700000)
 ParOldGen       total 154624K, used 64955K [0x0000000700000000, 0x0000000709700000, 0x0000000780000000)
  object space 154624K, 42% used [0x0000000700000000,0x0000000703f6ed78,0x0000000709700000)
 Metaspace       used 33689K, capacity 34542K, committed 34688K, reserved 1079296K
  class space    used 4433K, capacity 4655K, committed 4736K, reserved 1048576K
Event: 586.042 GC heap after
Heap after GC invocations=14 (full 2):
 PSYoungGen      total 192000K, used 16335K [0x0000000780000000, 0x000000078ee00000, 0x00000007c0000000)
  eden space 154624K, 0% used [0x0000000780000000,0x0000000780000000,0x0000000789700000)
  from space 37376K, 43% used [0x000000078c980000,0x000000078d973c68,0x000000078ee00000)
  to   space 44544K, 0% used [0x0000000789700000,0x0000000789700000,0x000000078c280000)
 ParOldGen       total 154624K, used 64963K [0x0000000700000000, 0x0000000709700000, 0x0000000780000000)
  object space 154624K, 42% used [0x0000000700000000,0x0000000703f70d78,0x0000000709700000)
 Metaspace       used 33689K, capacity 34542K, committed 34688K, reserved 1079296K
  class space    used 4433K, capacity 4655K, committed 4736K, reserved 1048576K
}
Event: 606.009 GC heap before
{Heap before GC invocations=15 (full 2):
 PSYoungGen      total 192000K, used 170959K [0x0000000780000000, 0x000000078ee00000, 0x00000007c0000000)
  eden space 154624K, 100% used [0x0000000780000000,0x0000000789700000,0x0000000789700000)
  from space 37376K, 43% used [0x000000078c980000,0x000000078d973c68,0x000000078ee00000)
  to   space 44544K, 0% used [0x0000000789700000,0x0000000789700000,0x000000078c280000)
 ParOldGen       total 154624K, used 64963K [0x0000000700000000, 0x0000000709700000, 0x0000000780000000)
  object space 154624K, 42% used [0x0000000700000000,0x0000000703f70d78,0x0000000709700000)
 Metaspace       used 33785K, capacity 34606K, committed 34688K, reserved 1079296K
  class space    used 4434K, capacity 4655K, committed 4736K, reserved 1048576K
Event: 606.051 GC heap after
Heap after GC invocations=15 (full 2):
 PSYoungGen      total 199168K, used 26542K [0x0000000780000000, 0x0000000790d80000, 0x00000007c0000000)
  eden space 154624K, 0% used [0x0000000780000000,0x0000000780000000,0x0000000789700000)
  from space 44544K, 59% used [0x0000000789700000,0x000000078b0eb8f8,0x000000078c280000)
  to   space 44544K, 0% used [0x000000078e200000,0x000000078e200000,0x0000000790d80000)
 ParOldGen       total 154624K, used 64971K [0x0000000700000000, 0x0000000709700000, 0x0000000780000000)
  object space 154624K, 42% used [0x0000000700000000,0x0000000703f72d78,0x0000000709700000)
 Metaspace       used 33785K, capacity 34606K, committed 34688K, reserved 1079296K
  class space    used 4434K, capacity 4655K, committed 4736K, reserved 1048576K
}

Deoptimization events (10 events):
Event: 171.594 Thread 0x000000001f0d1800 Uncommon trap: reason=bimorphic action=maybe_recompile pc=0x0000000003c78868 method=com.zeroturnaround.jrebel.android.cg.a(Lcom/zeroturnaround/jrebel/android/gL;Lcom/zeroturnaround/jrebel/android/gL;)Lcom/zeroturnaround/jrebel/android/gL; @ 6
Event: 198.223 Thread 0x000000001f0cd000 Uncommon trap: reason=bimorphic action=maybe_recompile pc=0x0000000003c78868 method=com.zeroturnaround.jrebel.android.cg.a(Lcom/zeroturnaround/jrebel/android/gL;Lcom/zeroturnaround/jrebel/android/gL;)Lcom/zeroturnaround/jrebel/android/gL; @ 6
Event: 466.347 Thread 0x000000001f0ca800 Uncommon trap: reason=class_check action=maybe_recompile pc=0x0000000003d9ba48 method=com.zeroturnaround.jrebel.android.ck.a(Lcom/zeroturnaround/jrebel/android/bW;II)V @ 978
Event: 466.347 Thread 0x000000001f0ca800 Uncommon trap: reason=class_check action=maybe_recompile pc=0x0000000003d9ba48 method=com.zeroturnaround.jrebel.android.ck.a(Lcom/zeroturnaround/jrebel/android/bW;II)V @ 978
Event: 467.883 Thread 0x000000001f0d1800 Uncommon trap: reason=bimorphic action=maybe_recompile pc=0x0000000003c78868 method=com.zeroturnaround.jrebel.android.cg.a(Lcom/zeroturnaround/jrebel/android/gL;Lcom/zeroturnaround/jrebel/android/gL;)Lcom/zeroturnaround/jrebel/android/gL; @ 6
Event: 467.884 Thread 0x000000001f0d1800 Uncommon trap: reason=class_check action=maybe_recompile pc=0x0000000003d9ba48 method=com.zeroturnaround.jrebel.android.ck.a(Lcom/zeroturnaround/jrebel/android/bW;II)V @ 978
Event: 467.884 Thread 0x000000001f0d1800 Uncommon trap: reason=class_check action=maybe_recompile pc=0x0000000003d9ba48 method=com.zeroturnaround.jrebel.android.ck.a(Lcom/zeroturnaround/jrebel/android/bW;II)V @ 978
Event: 585.045 Thread 0x000000001f0cc000 Uncommon trap: reason=class_check action=maybe_recompile pc=0x0000000003ecc1cc method=com.zeroturnaround.jrebel.android.ck.a(Lcom/zeroturnaround/jrebel/android/bW;II)V @ 988
Event: 585.045 Thread 0x000000001f0cc000 Uncommon trap: reason=class_check action=maybe_recompile pc=0x0000000003ecc1cc method=com.zeroturnaround.jrebel.android.ck.a(Lcom/zeroturnaround/jrebel/android/bW;II)V @ 988
Event: 586.826 Thread 0x000000001f0ca800 Uncommon trap: reason=bimorphic action=maybe_recompile pc=0x0000000003c78868 method=com.zeroturnaround.jrebel.android.cg.a(Lcom/zeroturnaround/jrebel/android/gL;Lcom/zeroturnaround/jrebel/android/gL;)Lcom/zeroturnaround/jrebel/android/gL; @ 6

Internal exceptions (10 events):
Event: 662.456 Thread 0x000000001f0cc000 Exception <a 'sun/nio/fs/WindowsException'> (0x00000007828ca120) thrown at [C:\re\workspace\8-2-build-windows-amd64-cygwin\jdk8u60\4407\hotspot\src\share\vm\prims\jni.cpp, line 709]
Event: 662.456 Thread 0x000000001f0cc000 Exception <a 'sun/nio/fs/WindowsException'> (0x00000007828cad80) thrown at [C:\re\workspace\8-2-build-windows-amd64-cygwin\jdk8u60\4407\hotspot\src\share\vm\prims\jni.cpp, line 709]
Event: 662.456 Thread 0x000000001f0cc000 Exception <a 'sun/nio/fs/WindowsException'> (0x00000007828cb9e0) thrown at [C:\re\workspace\8-2-build-windows-amd64-cygwin\jdk8u60\4407\hotspot\src\share\vm\prims\jni.cpp, line 709]
Event: 662.456 Thread 0x000000001f0cc000 Exception <a 'sun/nio/fs/WindowsException'> (0x00000007828cc640) thrown at [C:\re\workspace\8-2-build-windows-amd64-cygwin\jdk8u60\4407\hotspot\src\share\vm\prims\jni.cpp, line 709]
Event: 662.456 Thread 0x000000001f0cc000 Exception <a 'sun/nio/fs/WindowsException'> (0x00000007828ccd00) thrown at [C:\re\workspace\8-2-build-windows-amd64-cygwin\jdk8u60\4407\hotspot\src\share\vm\prims\jni.cpp, line 709]
Event: 662.457 Thread 0x000000001f0cc000 Exception <a 'sun/nio/fs/WindowsException'> (0x00000007828ce838) thrown at [C:\re\workspace\8-2-build-windows-amd64-cygwin\jdk8u60\4407\hotspot\src\share\vm\prims\jni.cpp, line 709]
Event: 662.457 Thread 0x000000001f0cc000 Exception <a 'sun/nio/fs/WindowsException'> (0x00000007828cef58) thrown at [C:\re\workspace\8-2-build-windows-amd64-cygwin\jdk8u60\4407\hotspot\src\share\vm\prims\jni.cpp, line 709]
Event: 662.457 Thread 0x000000001f0cc000 Exception <a 'sun/nio/fs/WindowsException'> (0x00000007828cfc98) thrown at [C:\re\workspace\8-2-build-windows-amd64-cygwin\jdk8u60\4407\hotspot\src\share\vm\prims\jni.cpp, line 709]
Event: 662.457 Thread 0x000000001f0cc000 Exception <a 'sun/nio/fs/WindowsException'> (0x00000007828d0338) thrown at [C:\re\workspace\8-2-build-windows-amd64-cygwin\jdk8u60\4407\hotspot\src\share\vm\prims\jni.cpp, line 709]
Event: 662.497 Thread 0x000000001b805800 Exception <a 'java/net/SocketTimeoutException': Read timed out> (0x0000000782381100) thrown at [C:\re\workspace\8-2-build-windows-amd64-cygwin\jdk8u60\4407\hotspot\src\share\vm\prims\jni.cpp, line 735]

Events (10 events):
Event: 662.416 Executing VM operation: BulkRevokeBias
Event: 662.416 Executing VM operation: BulkRevokeBias done
Event: 662.432 Executing VM operation: RevokeBias
Event: 662.432 Executing VM operation: RevokeBias done
Event: 662.434 Executing VM operation: RevokeBias
Event: 662.434 Executing VM operation: RevokeBias done
Event: 662.459 Executing VM operation: RevokeBias
Event: 662.459 Executing VM operation: RevokeBias done
Event: 662.460 Executing VM operation: RevokeBias
Event: 662.460 Executing VM operation: RevokeBias done


Dynamic libraries:
0x00007ff7c3a00000 - 0x00007ff7c3a37000 	C:\Program Files\Java\jdk1.8.0_60\bin\java.exe
0x00007ffaddbd0000 - 0x00007ffaddd7d000 	C:\windows\SYSTEM32\ntdll.dll
0x00007ffadb260000 - 0x00007ffadb39e000 	C:\windows\system32\KERNEL32.DLL
0x00007ffadb000000 - 0x00007ffadb115000 	C:\windows\system32\KERNELBASE.dll
0x00007ffad9890000 - 0x00007ffad991e000 	C:\windows\system32\apphelp.dll
0x00007ffacde30000 - 0x00007ffacde83000 	C:\windows\AppPatch\AppPatch64\AcGenral.DLL
0x00007ffadd780000 - 0x00007ffadd82a000 	C:\windows\system32\msvcrt.dll
0x00007ffadb180000 - 0x00007ffadb1ae000 	C:\windows\system32\SspiCli.dll
0x00007ffaddab0000 - 0x00007ffaddb04000 	C:\windows\system32\SHLWAPI.dll
0x00007ffadd120000 - 0x00007ffadd297000 	C:\windows\system32\USER32.dll
0x00007ffadd5a0000 - 0x00007ffadd734000 	C:\windows\system32\ole32.dll
0x00007ffadbbf0000 - 0x00007ffadd11a000 	C:\windows\system32\SHELL32.dll
0x00007ffada330000 - 0x00007ffada351000 	C:\windows\SYSTEM32\USERENV.dll
0x00007ffadb700000 - 0x00007ffadb7aa000 	C:\windows\system32\ADVAPI32.dll
0x00007fface480000 - 0x00007fface49e000 	C:\windows\SYSTEM32\MPR.dll
0x00007ffadd460000 - 0x00007ffadd5a0000 	C:\windows\system32\RPCRT4.dll
0x00007ffadd2a0000 - 0x00007ffadd2f9000 	C:\windows\SYSTEM32\sechost.dll
0x00007ffadb4e0000 - 0x00007ffadb6f1000 	C:\windows\SYSTEM32\combase.dll
0x00007ffadd310000 - 0x00007ffadd460000 	C:\windows\system32\GDI32.dll
0x00007ffadad00000 - 0x00007ffadad15000 	C:\windows\SYSTEM32\profapi.dll
0x00007ffad8e80000 - 0x00007ffad8f32000 	C:\windows\SYSTEM32\SHCORE.dll
0x00007ffadd740000 - 0x00007ffadd776000 	C:\windows\system32\IMM32.DLL
0x00007ffadb9d0000 - 0x00007ffadbb22000 	C:\windows\system32\MSCTF.dll
0x00007ffad8830000 - 0x00007ffad8aab000 	C:\windows\WinSxS\amd64_microsoft.windows.common-controls_6595b64144ccf1df_6.0.9600.18006_none_623f33d3ecbe86e8\COMCTL32.dll
0x0000000074f60000 - 0x0000000075032000 	C:\Program Files\Java\jdk1.8.0_60\jre\bin\msvcr100.dll
0x0000000073600000 - 0x0000000073e89000 	C:\Program Files\Java\jdk1.8.0_60\jre\bin\server\jvm.dll
0x00007ffad86e0000 - 0x00007ffad86e9000 	C:\windows\SYSTEM32\WSOCK32.dll
0x00007fface280000 - 0x00007fface2a2000 	C:\windows\SYSTEM32\WINMM.dll
0x00007ffad8750000 - 0x00007ffad875a000 	C:\windows\SYSTEM32\VERSION.dll
0x00007ffadb7d0000 - 0x00007ffadb7d7000 	C:\windows\system32\PSAPI.DLL
0x00007ffadd840000 - 0x00007ffadd89a000 	C:\windows\system32\WS2_32.dll
0x00007fface250000 - 0x00007fface27a000 	C:\windows\SYSTEM32\WINMMBASE.dll
0x00007ffadd830000 - 0x00007ffadd839000 	C:\windows\system32\NSI.dll
0x00007ffadafb0000 - 0x00007ffadafff000 	C:\windows\SYSTEM32\cfgmgr32.dll
0x00007ffad9b00000 - 0x00007ffad9b28000 	C:\windows\SYSTEM32\DEVOBJ.dll
0x0000000074f50000 - 0x0000000074f5f000 	C:\Program Files\Java\jdk1.8.0_60\jre\bin\verify.dll
0x0000000074f20000 - 0x0000000074f49000 	C:\Program Files\Java\jdk1.8.0_60\jre\bin\java.dll
0x0000000074f00000 - 0x0000000074f16000 	C:\Program Files\Java\jdk1.8.0_60\jre\bin\zip.dll
0x00007ffad4760000 - 0x00007ffad476f000 	C:\Program Files\Android\Android Studio\bin\breakgen64.dll
0x0000000074ee0000 - 0x0000000074efa000 	C:\Program Files\Java\jdk1.8.0_60\jre\bin\net.dll
0x00007ffada5f0000 - 0x00007ffada649000 	C:\windows\system32\mswsock.dll
0x0000000074ec0000 - 0x0000000074ed1000 	C:\Program Files\Java\jdk1.8.0_60\jre\bin\nio.dll
0x00007ffacfa70000 - 0x00007ffacfa85000 	C:\windows\system32\napinsp.dll
0x00007ffacfa90000 - 0x00007ffacfaaa000 	C:\windows\system32\pnrpnsp.dll
0x00007ffad8e20000 - 0x00007ffad8e3b000 	C:\windows\system32\NLAapi.dll
0x00007ffada3f0000 - 0x00007ffada494000 	C:\windows\SYSTEM32\DNSAPI.dll
0x00007ffacfab0000 - 0x00007ffacfabd000 	C:\windows\System32\winrnr.dll
0x00007ffacfac0000 - 0x00007ffacfad4000 	C:\windows\system32\wshbth.dll
0x00007ffad1bb0000 - 0x00007ffad1bba000 	C:\Windows\System32\rasadhlp.dll
0x00007ffad62c0000 - 0x00007ffad62ea000 	C:\windows\SYSTEM32\IPHLPAPI.DLL
0x00007ffad62b0000 - 0x00007ffad62ba000 	C:\windows\SYSTEM32\WINNSI.DLL
0x00007ffad4690000 - 0x00007ffad46fb000 	C:\windows\System32\fwpuclnt.dll
0x0000000074eb0000 - 0x0000000074ebd000 	C:\Program Files\Java\jdk1.8.0_60\jre\bin\management.dll
0x00007ffada650000 - 0x00007ffada670000 	C:\windows\SYSTEM32\CRYPTSP.dll
0x00007ffada220000 - 0x00007ffada256000 	C:\windows\system32\rsaenh.dll
0x00007ffada950000 - 0x00007ffada976000 	C:\windows\SYSTEM32\bcrypt.dll
0x00007ffadabd0000 - 0x00007ffadac33000 	C:\windows\system32\bcryptprimitives.dll
0x00007ffadac40000 - 0x00007ffadac4b000 	C:\windows\SYSTEM32\CRYPTBASE.dll
0x00007ffad48f0000 - 0x00007ffad4906000 	C:\windows\SYSTEM32\dhcpcsvc6.DLL
0x00007ffad4910000 - 0x00007ffad492a000 	C:\windows\SYSTEM32\dhcpcsvc.DLL
0x0000000074640000 - 0x0000000074664000 	C:\Program Files\Java\jdk1.8.0_60\jre\bin\sunec.dll
0x00007ffad14b0000 - 0x00007ffad14c2000 	C:\Users\ню╠К\.gradle\native\19\windows-amd64\native-platform.dll
0x00007ffad8e40000 - 0x00007ffad8e72000 	C:\windows\SYSTEM32\ntmarta.dll

VM Arguments:
jvm_args: -Xverify:none -Xmx3g -DserviceId=1481854749721 -DprojectJdk=C:/Program Files/Java/jdk1.8.0_60 -DgradleArguments=--configure-on-demand -DbundledM2RepoPath=C:\Program Files\Android\Android Studio\gradle\m2repository -DmoduleGradlePath=:app -DlogsDir=C:\Users\ню╠К\.jrebel-android\logs\com.floatingball\debug -DprojectRandomId=h5vV4bSEXTyoMFHm0KhnDxUa2Jg2T54xvKQ3wuxZv2w= -DapplicationBuildVariant=debug -DprojectRoot=D:/projects/android/studio/workspace/FloatingBall -XX:+PrintGCDetails -XX:+PrintGCDateStamps -XX:+PrintGCTimeStamps -Xloggc:C:\Users\ню╠К\.jrebel-android\logs\com.floatingball\debug\jr-android-gc.log -Ddevice=356BCHSXCCZW -DideAndServiceCommunicationPort=55120 -DjrebelAndroidHomeDir=C:\Users\ню╠К\.jrebel-android -Didea.launcher.port=7532 -Didea.launcher.bin.path=C:\Program Files\Android\Android Studio\bin -Dfile.encoding=GBK 
java_command: com.intellij.rt.execution.application.AppMain com.zt.jrebel.android.service.boot.ServiceBoot
java_class_path (initial): C:\Users\ню╠К\.jrebel-android\distributions\2.0.12_20161115113034\jr-android.jar;C:\Program Files\Android\Android Studio\lib\idea_rt.jar
Launcher Type: SUN_STANDARD

Environment Variables:
JAVA_HOME=C:/Program Files/Java/jdk1.8.0_60
CLASSPATH=.;C:\Program Files\Java\jdk1.8.0_60\lib;C:\Program Files\Java\jdk1.8.0_60\lib\tools.jar
PATH=C:\ProgramData\Oracle\Java\javapath;C:\Program Files (x86)\Intel\iCLS Client\;C:\Program Files\Intel\iCLS Client\;C:\windows\system32;C:\windows;C:\windows\System32\Wbem;C:\windows\System32\WindowsPowerShell\v1.0\;C:\Program Files\Intel\Intel(R) Management Engine Components\DAL;C:\Program Files (x86)\Intel\Intel(R) Management Engine Components\DAL;C:\Program Files\Intel\Intel(R) Management Engine Components\IPT;C:\Program Files (x86)\Intel\Intel(R) Management Engine Components\IPT;C:\Program Files (x86)\ATI Technologies\ATI.ACE\Core-Static;C:\ProgramData\Lenovo\ReadyApps;D:\tools\android\studio\sdk\platform-tools;C:\Program Files\nodejs\;C:\Program Files\Java\jdk1.8.0_60\bin;C:\Program Files\Java\jdk1.8.0_60\jre\bin;C:\ProgramData\chocolatey\bin;C:\tools\python2;C:\Program Files\nodejs\node_globa;D:\tools\android\studio\sdk\tools;D:\tools\android\studio\sdk\platform-tools
USERNAME=Bill
OS=Windows_NT
PROCESSOR_IDENTIFIER=Intel64 Family 6 Model 69 Stepping 1, GenuineIntel



---------------  S Y S T E M  ---------------

OS: Windows 8.1 , 64 bit Build 9600 (6.3.9600.17415)

CPU:total 4 (2 cores per cpu, 2 threads per core) family 6 model 69 stepping 1, cmov, cx8, fxsr, mmx, sse, sse2, sse3, ssse3, sse4.1, sse4.2, popcnt, avx, avx2, aes, clmul, erms, lzcnt, ht, tsc, tscinvbit, bmi1, bmi2

Memory: 4k page, physical 8310040k(1766968k free), swap 8310040k(5136k free)

vm_info: Java HotSpot(TM) 64-Bit Server VM (25.60-b23) for windows-amd64 JRE (1.8.0_60-b27), built on Aug  4 2015 11:06:27 by "java_re" with MS VC++ 10.0 (VS2010)

time: Fri Dec 16 10:30:13 2016
elapsed time: 663 seconds (0d 0h 11m 3s)

